commit d86dec73c652bd2ce02299307951d12308f9006a
Author: mweinberger-tgm <mweinberger@student.tgm.ac.at>
Date:   Sun Mar 22 17:35:31 2015 +0100

    Letzer Push, Dokumentation wird jetzt überarbeitet

commit 971260182f3a2e6d102716b14a1b633df5aa9e21
Author: mweinberger-tgm <mweinberger@student.tgm.ac.at>
Date:   Sun Mar 22 17:09:33 2015 +0100

    erste Versuche mit der GUI.

commit fc2f1ad614f84be0054f60044a9b520cb2643764
Author: mweinberger-tgm <mweinberger@student.tgm.ac.at>
Date:   Sun Mar 22 16:15:36 2015 +0100

    start veraendert

commit d54cb11266083fd897bcc440d1c291f1c9e8d756
Author: mweinberger-tgm <mweinberger@student.tgm.ac.at>
Date:   Sun Mar 22 16:12:06 2015 +0100

    Segelverein-Query abgeschlossen

commit e1a0dde64dbd223e9d7a729e59d4db70049ee86e
Author: mweinberger-tgm <mweinberger@student.tgm.ac.at>
Date:   Sun Mar 22 15:33:11 2015 +0100

    Inserts fertig usw

commit 94cba7ce7b8e948edc6feb9ed90dd2cebe47a3e8
Author: mweinberger-tgm <mweinberger@student.tgm.ac.at>
Date:   Sun Mar 22 13:42:17 2015 +0100

    Weiterer Fortschritt.

commit 23fe29cf7372d11d9495cc0bd4789c6616cf05ca
Author: mweinberger-tgm <mweinberger@student.tgm.ac.at>
Date:   Sun Mar 22 13:01:05 2015 +0100

    Create repariert

commit 582d7e22b833c421f47e7e219db5d553f12ba3c5
Author: mweinberger-tgm <mweinberger@student.tgm.ac.at>
Date:   Sun Mar 22 12:11:26 2015 +0100

    Wieder etwas Fortschritt.

commit 8d78ff7391633a24f264a8fee1d3daee5312a1bb
Author: mweinberger-tgm <mweinberger@student.tgm.ac.at>
Date:   Sun Mar 22 11:52:25 2015 +0100

    9/14 fertig

commit ca6594f3120cc70ef369004285df4528c753240e
Author: mweinberger-tgm <mweinberger@student.tgm.ac.at>
Date:   Sun Mar 22 11:20:20 2015 +0100

    7/14 fertig

commit 092aba76d32c9bcf74de03ac33ce34e72def4618
Author: mweinberger-tgm <mweinberger@student.tgm.ac.at>
Date:   Sun Mar 22 10:31:06 2015 +0100

    Query 13 fertig

commit ea0b1f393f0da96f5b5d132b1dc8f45756415c7b
Author: mweinberger-tgm <mweinberger@student.tgm.ac.at>
Date:   Sun Mar 22 10:01:37 2015 +0100

    Java-Projekt eingefügt

commit 613049f129e7d4597eb1e48b9ff127b1fcdcbe9a
Author: mweinberger-tgm <mweinberger@student.tgm.ac.at>
Date:   Sat Mar 21 15:25:58 2015 +0100

    Wieder eine Query fertig. #14

commit 37ef6ff93867e6525e93c180ce45fae2cb5515f4
Author: mweinberger-tgm <mweinberger@student.tgm.ac.at>
Date:   Sat Mar 21 12:34:44 2015 +0100

    Gitlog eingefügt.

commit d41721e861094b7d7fa897d0aeef00517dfd4be4
Author: mweinberger-tgm <mweinberger@student.tgm.ac.at>
Date:   Sat Mar 21 12:33:14 2015 +0100

    Heutiger Fortschritt, fange gerade an.

commit 514ee07a1dc17052331a8a7dccaf3a60ec138526
Author: mweinberger-tgm <mweinberger@student.tgm.ac.at>
Date:   Fri Mar 20 17:58:56 2015 +0100

    Aktueller Fortschritt, Query 7.

commit 23a47f8eab940e44a7fcbfd2b97cbe9e39cd06e1
Author: mweinberger-tgm <mweinberger@student.tgm.ac.at>
Date:   Fri Mar 20 17:53:59 2015 +0100

    Query 7 kurz vor Fertigstellung.

commit 230dd4b4c5b49395c7c91b2b60e83ccd91ba8992
Author: mweinberger-tgm <mweinberger@student.tgm.ac.at>
Date:   Fri Mar 20 17:26:58 2015 +0100

    Derzeitiger Stand

commit 3d0b91faf091155975501124f9a50b5454c93a05
Author: mweinberger-tgm <mweinberger@student.tgm.ac.at>
Date:   Fri Mar 20 16:52:52 2015 +0100

    Neuer Fortschritt, 20.3.2015

commit ed32420592e64eade2fe87c94ec14b89ca471d7f
Author: mweinberger-tgm <mweinberger@student.tgm.ac.at>
Date:   Fri Mar 20 07:57:48 2015 +0100

    Jar (wie gewünscht) & Zip-Archiv eingefuegt

commit 00bb212ba9b7b2ff55f54c0177e166f6616c4f78
Author: mweinberger-tgm <mweinberger@student.tgm.ac.at>
Date:   Fri Mar 20 00:08:56 2015 +0100

    Einige schwierige Queries geschafft, gute Nacht!

commit 8a452922b8d9a9e9b0c5937bc94d9072e5a88ba3
Author: mweinberger-tgm <mweinberger@student.tgm.ac.at>
Date:   Thu Mar 19 20:51:11 2015 +0100

    Query 3 ok

commit 5c99da360c605a2289cea3f672f1502c6e7978a2
Author: mweinberger-tgm <mweinberger@student.tgm.ac.at>
Date:   Thu Mar 19 13:53:44 2015 +0100

    Neuer Fortschritt

commit 80eaeec7b73dae82b85ad21a20456726ce9cf773
Author: mweinberger-tgm <mweinberger@student.tgm.ac.at>
Date:   Thu Mar 19 13:02:07 2015 +0100

    Fortschritt während der Stunde.

commit b92b39559774e0a88d6872de41059d0fa4881644
Author: mweinberger-tgm <mweinberger@student.tgm.ac.at>
Date:   Thu Mar 19 12:38:33 2015 +0100

    Repo neu eingefuegt aufgrund eines Problems, kleine Änderungen

commit 1e03667c0d7de622caa898607a5050f9d1b8df8f
Author: mweinberger-tgm <mweinberger@student.tgm.ac.at>
Date:   Thu Mar 19 11:44:37 2015 +0100

    ~

commit 2bc8f8b89a77471fc2477ca6f392414242b72e2c
Author: mweinberger-tgm <mweinberger@student.tgm.ac.at>
Date:   Wed Mar 18 23:52:46 2015 +0100

    Erste Query fertig.

commit 0c299b26da2b3c0187becb0644e8abd3aff193c7
Author: mweinberger-tgm <mweinberger@student.tgm.ac.at>
Date:   Wed Mar 18 23:27:04 2015 +0100

    Queries begonnen

commit 6009802a8fd2496741ff482354168e3a7a179153
Author: mweinberger-tgm <mweinberger@student.tgm.ac.at>
Date:   Wed Mar 18 23:26:05 2015 +0100

    Constraints ausständig

commit e25aaa19b80971667466de9b73631fbec88c8e10
Author: mweinberger-tgm <mweinberger@student.tgm.ac.at>
Date:   Wed Mar 18 23:20:14 2015 +0100

    drop eingefügt

commit 97ded786754c09220ce1b3a8030119fa720658b2
Author: mweinberger-tgm <mweinberger@student.tgm.ac.at>
Date:   Wed Mar 18 23:16:12 2015 +0100

    Create abgeschlossen.

commit 4b0b3e412bd46c56b7ce51449a3c428c536e03d3
Author: mweinberger-tgm <mweinberger@student.tgm.ac.at>
Date:   Wed Mar 18 22:09:03 2015 +0100

    Almost done

commit 9155e127cae5eab91bdb878a55322ec299243625
Author: mweinberger-tgm <mweinberger@student.tgm.ac.at>
Date:   Wed Mar 18 21:40:46 2015 +0100

    ~

commit 6cb73d08a9b585e9d728ee2be1ad9684ff93390f
Author: mweinberger-tgm <mweinberger@student.tgm.ac.at>
Date:   Wed Mar 18 21:35:53 2015 +0100

    Weiterer Fortschritt

commit 6c17a32dfbd09454ef61e2867646b4ee6c64aed0
Author: mweinberger-tgm <mweinberger@student.tgm.ac.at>
Date:   Wed Mar 18 21:12:47 2015 +0100

    Erste Fortschritte

commit c5418ae8879f5fd261250693c8e5833a23b8bb47
Author: mweinberger-tgm <mweinberger@student.tgm.ac.at>
Date:   Wed Mar 18 20:58:28 2015 +0100

    Create-Skript

commit 097ced183b0bef7b9a4370f8f22df470462bb7fe
Author: mweinberger-tgm <mweinberger@student.tgm.ac.at>
Date:   Wed Mar 18 18:32:22 2015 +0100

    Let's go!

commit 5b111573decc0dfa3a1f89dcd0a7af19f692b04e
Author: mweinberger-tgm <mweinberger@student.tgm.ac.at>
Date:   Sun Mar 15 23:00:48 2015 +0100

    ~

commit fba63c6ae1d34114390d5fddc9660531054b7906
Author: mweinberger-tgm <mweinberger@student.tgm.ac.at>
Date:   Sun Mar 15 23:00:23 2015 +0100

    ~

commit b6af59cf0635da1861865f69e380c1dfdf270ca7
Author: mweinberger-tgm <mweinberger@student.tgm.ac.at>
Date:   Sun Mar 15 23:00:02 2015 +0100

    ~

commit 210a540add7ce67d45e6fac3f028795b8ede3946
Author: mweinberger-tgm <mweinberger@student.tgm.ac.at>
Date:   Sun Mar 15 22:59:41 2015 +0100

    Ich alter Readme-Medientechniker ...

commit 3dcdd247dc177bb7a1625d7877e850b8c3e2268f
Author: mweinberger-tgm <mweinberger@student.tgm.ac.at>
Date:   Sun Mar 15 22:58:24 2015 +0100

    ~

commit 97ec87badb8fe3d72ad2f84a9d7963c11d9a9b94
Author: mweinberger-tgm <mweinberger@student.tgm.ac.at>
Date:   Sun Mar 15 22:55:56 2015 +0100

    ~

commit 9850274df0635fc092de118a95db470326ad7a1f
Author: mweinberger-tgm <mweinberger@student.tgm.ac.at>
Date:   Sun Mar 15 22:53:59 2015 +0100

    ~

commit 23b0914c2e5d0a2df547ee2b2c45156360eb3695
Author: mweinberger-tgm <mweinberger@student.tgm.ac.at>
Date:   Sun Mar 15 22:53:20 2015 +0100

    ~

commit 84da18ef5a1c75e10eb3660a870192da6dda1c76
Author: mweinberger-tgm <mweinberger@student.tgm.ac.at>
Date:   Sun Mar 15 22:52:52 2015 +0100

    ~

commit a5539c1d487dd50e69df2ec5e1d2b558bd6fd77c
Author: mweinberger-tgm <mweinberger@student.tgm.ac.at>
Date:   Sun Mar 15 22:49:55 2015 +0100

    Readme angepasst für GitHub.

commit fce375d9d2f9615009276e5a35ed109c185fc40e
Author: mweinberger-tgm <mweinberger@student.tgm.ac.at>
Date:   Sun Mar 15 22:48:08 2015 +0100

    doc-Ordner erstellt.

commit 05212dda9ff5fdfba2049ac6668b7e5a2644aac0
Author: mweinberger-tgm <mweinberger@student.tgm.ac.at>
Date:   Sun Mar 15 22:45:44 2015 +0100

    Readme angepasst

commit 3a1e3aa0a552929468ab4f2f34492a08cb9185dc
Author: mweinberger-tgm <mweinberger@student.tgm.ac.at>
Date:   Sun Mar 15 22:43:33 2015 +0100

    Readme angepasst

commit 42e4d560992843a38d984e62714331c1cd866951
Author: mweinberger-tgm <mweinberger@student.tgm.ac.at>
Date:   Sun Mar 15 22:38:39 2015 +0100

    Readme ergänzt

commit a5457afcf2c489f335ff83193e36d13f6d48e6f8
Author: mweinberger-tgm <mweinberger@student.tgm.ac.at>
Date:   Sun Mar 15 22:37:48 2015 +0100

    Readme geändert

commit 30f4e2ed93e30d5264d93cea42c8c90e6d088d0f
Author: mweinberger-tgm <mweinberger@student.tgm.ac.at>
Date:   Sun Mar 15 22:35:57 2015 +0100

    Blanko-Protokoll eingefügt

commit 44fd571b0a469c0e9b3748e9b2090470edcf2be8
Author: Michael Weinberger <mweinberger@student.tgm.ac.at>
Date:   Wed Dec 17 09:31:03 2014 +0100

    Initial commit
